2021-02-27 19:40:32.818  INFO 21260 --- [restartedMain] o.p.restapi.BuDepartmentApiApplication   : Starting BuDepartmentApiApplication using Java 15.0.1 on DESKTOP-DJ45ATR with PID 21260 (C:\Users\sandeep\git\REST-API-development\bu-department-api\target\classes started by sandeep in C:\Users\sandeep\git\REST-API-development\bu-department-api)
2021-02-27 19:40:32.819  INFO 21260 --- [restartedMain] o.p.restapi.BuDepartmentApiApplication   : No active profile set, falling back to default profiles: default
2021-02-27 19:40:33.556  INFO 21260 --- [restartedMain] .s.d.r.c.RepositoryConfigurationDelegate : Bootstrapping Spring Data JPA repositories in DEFAULT mode.
2021-02-27 19:40:33.600  INFO 21260 --- [restartedMain] .s.d.r.c.RepositoryConfigurationDelegate : Finished Spring Data repository scanning in 42 ms. Found 5 JPA repository interfaces.
2021-02-27 19:40:33.744  INFO 21260 --- [restartedMain] o.s.b.w.embedded.tomcat.TomcatWebServer  : Tomcat initialized with port(s): 8080 (http)
2021-02-27 19:40:33.746  INFO 21260 --- [restartedMain] o.apache.catalina.core.StandardService   : Starting service [Tomcat]
2021-02-27 19:40:33.746  INFO 21260 --- [restartedMain] org.apache.catalina.core.StandardEngine  : Starting Servlet engine: [Apache Tomcat/9.0.41]
2021-02-27 19:40:33.796  INFO 21260 --- [restartedMain] o.a.c.c.C.[Tomcat].[localhost].[/]       : Initializing Spring embedded WebApplicationContext
2021-02-27 19:40:33.796  INFO 21260 --- [restartedMain] w.s.c.ServletWebServerApplicationContext : Root WebApplicationContext: initialization completed in 972 ms
2021-02-27 19:40:33.887  INFO 21260 --- [restartedMain] o.hibernate.jpa.internal.util.LogHelper  : HHH000204: Processing PersistenceUnitInfo [name: default]
2021-02-27 19:40:33.897  INFO 21260 --- [restartedMain] com.zaxxer.hikari.HikariDataSource       : HikariPool-3 - Starting...
2021-02-27 19:40:33.970  INFO 21260 --- [restartedMain] com.zaxxer.hikari.HikariDataSource       : HikariPool-3 - Start completed.
2021-02-27 19:40:33.971  INFO 21260 --- [restartedMain] org.hibernate.dialect.Dialect            : HHH000400: Using dialect: org.hibernate.dialect.PostgreSQLDialect
2021-02-27 19:40:35.764  INFO 21260 --- [restartedMain] o.h.e.t.j.p.i.JtaPlatformInitiator       : HHH000490: Using JtaPlatform implementation: [org.hibernate.engine.transaction.jta.platform.internal.NoJtaPlatform]
2021-02-27 19:40:35.765  INFO 21260 --- [restartedMain] j.LocalContainerEntityManagerFactoryBean : Initialized JPA EntityManagerFactory for persistence unit 'default'
2021-02-27 19:40:35.786  INFO 21260 --- [restartedMain] o.s.b.d.a.OptionalLiveReloadServer       : LiveReload server is running on port 35729
2021-02-27 19:40:36.025  WARN 21260 --- [restartedMain] JpaBaseConfiguration$JpaWebConfiguration : spring.jpa.open-in-view is enabled by default. Therefore, database queries may be performed during view rendering. Explicitly configure spring.jpa.open-in-view to disable this warning
2021-02-27 19:40:36.142  INFO 21260 --- [restartedMain] o.s.b.a.e.web.EndpointLinksResolver      : Exposing 14 endpoint(s) beneath base path '/actuator'
2021-02-27 19:40:36.203  INFO 21260 --- [restartedMain] o.s.s.concurrent.ThreadPoolTaskExecutor  : Initializing ExecutorService 'applicationTaskExecutor'
2021-02-27 19:40:36.298  INFO 21260 --- [restartedMain] o.s.b.w.embedded.tomcat.TomcatWebServer  : Tomcat started on port(s): 8080 (http) with context path ''
2021-02-27 19:40:36.582  INFO 21260 --- [restartedMain] o.p.restapi.BuDepartmentApiApplication   : Started BuDepartmentApiApplication in 3.806 seconds (JVM running for 1562.072)
2021-02-27 19:40:36.585  INFO 21260 --- [restartedMain] .ConditionEvaluationDeltaLoggingListener : Condition evaluation unchanged
2021-02-27 19:43:48.973  INFO 21260 --- [Thread-15] o.s.s.concurrent.ThreadPoolTaskExecutor  : Shutting down ExecutorService 'applicationTaskExecutor'
2021-02-27 19:43:48.979  INFO 21260 --- [Thread-15] j.LocalContainerEntityManagerFactoryBean : Closing JPA EntityManagerFactory for persistence unit 'default'
2021-02-27 19:43:48.994  INFO 21260 --- [Thread-15] com.zaxxer.hikari.HikariDataSource       : HikariPool-3 - Shutdown initiated...
2021-02-27 19:43:49.002  INFO 21260 --- [Thread-15] com.zaxxer.hikari.HikariDataSource       : HikariPool-3 - Shutdown completed.
