2021-02-27 19:33:32.381  INFO 21260 --- [restartedMain] o.p.restapi.BuDepartmentApiApplication   : Starting BuDepartmentApiApplication using Java 15.0.1 on DESKTOP-DJ45ATR with PID 21260 (C:\Users\sandeep\git\REST-API-development\bu-department-api\target\classes started by sandeep in C:\Users\sandeep\git\REST-API-development\bu-department-api)
2021-02-27 19:33:32.382  INFO 21260 --- [restartedMain] o.p.restapi.BuDepartmentApiApplication   : No active profile set, falling back to default profiles: default
2021-02-27 19:33:33.268  INFO 21260 --- [restartedMain] .s.d.r.c.RepositoryConfigurationDelegate : Bootstrapping Spring Data JPA repositories in DEFAULT mode.
2021-02-27 19:33:33.309  INFO 21260 --- [restartedMain] .s.d.r.c.RepositoryConfigurationDelegate : Finished Spring Data repository scanning in 40 ms. Found 5 JPA repository interfaces.
2021-02-27 19:33:33.466  INFO 21260 --- [restartedMain] o.s.b.w.embedded.tomcat.TomcatWebServer  : Tomcat initialized with port(s): 8080 (http)
2021-02-27 19:33:33.467  INFO 21260 --- [restartedMain] o.apache.catalina.core.StandardService   : Starting service [Tomcat]
2021-02-27 19:33:33.468  INFO 21260 --- [restartedMain] org.apache.catalina.core.StandardEngine  : Starting Servlet engine: [Apache Tomcat/9.0.41]
2021-02-27 19:33:33.530  INFO 21260 --- [restartedMain] o.a.c.c.C.[Tomcat].[localhost].[/]       : Initializing Spring embedded WebApplicationContext
2021-02-27 19:33:33.531  INFO 21260 --- [restartedMain] w.s.c.ServletWebServerApplicationContext : Root WebApplicationContext: initialization completed in 1145 ms
2021-02-27 19:33:33.651  INFO 21260 --- [restartedMain] o.hibernate.jpa.internal.util.LogHelper  : HHH000204: Processing PersistenceUnitInfo [name: default]
2021-02-27 19:33:33.660  INFO 21260 --- [restartedMain] com.zaxxer.hikari.HikariDataSource       : HikariPool-2 - Starting...
2021-02-27 19:33:33.728  INFO 21260 --- [restartedMain] com.zaxxer.hikari.HikariDataSource       : HikariPool-2 - Start completed.
2021-02-27 19:33:33.729  INFO 21260 --- [restartedMain] org.hibernate.dialect.Dialect            : HHH000400: Using dialect: org.hibernate.dialect.PostgreSQLDialect
2021-02-27 19:33:35.508  INFO 21260 --- [restartedMain] o.h.e.t.j.p.i.JtaPlatformInitiator       : HHH000490: Using JtaPlatform implementation: [org.hibernate.engine.transaction.jta.platform.internal.NoJtaPlatform]
2021-02-27 19:33:35.510  INFO 21260 --- [restartedMain] j.LocalContainerEntityManagerFactoryBean : Initialized JPA EntityManagerFactory for persistence unit 'default'
2021-02-27 19:33:35.537  INFO 21260 --- [restartedMain] o.s.b.d.a.OptionalLiveReloadServer       : LiveReload server is running on port 35729
2021-02-27 19:33:35.868  WARN 21260 --- [restartedMain] JpaBaseConfiguration$JpaWebConfiguration : spring.jpa.open-in-view is enabled by default. Therefore, database queries may be performed during view rendering. Explicitly configure spring.jpa.open-in-view to disable this warning
2021-02-27 19:33:36.007  INFO 21260 --- [restartedMain] o.s.b.a.e.web.EndpointLinksResolver      : Exposing 14 endpoint(s) beneath base path '/actuator'
2021-02-27 19:33:36.062  INFO 21260 --- [restartedMain] o.s.s.concurrent.ThreadPoolTaskExecutor  : Initializing ExecutorService 'applicationTaskExecutor'
2021-02-27 19:33:36.181  INFO 21260 --- [restartedMain] o.s.b.w.embedded.tomcat.TomcatWebServer  : Tomcat started on port(s): 8080 (http) with context path ''
2021-02-27 19:33:36.527  INFO 21260 --- [restartedMain] o.p.restapi.BuDepartmentApiApplication   : Started BuDepartmentApiApplication in 4.247 seconds (JVM running for 1142.017)
2021-02-27 19:33:36.535  INFO 21260 --- [restartedMain] .ConditionEvaluationDeltaLoggingListener : Condition evaluation delta:


==========================
CONDITION EVALUATION DELTA
==========================


Positive matches:
-----------------

   LogFileWebEndpointAutoConfiguration#logFileWebEndpoint matched:
      - Log File found logging.file.name C:UserssandeepDocumentsspring-logfile.log (LogFileWebEndpointAutoConfiguration.LogFileCondition)
      - @ConditionalOnMissingBean (types: org.springframework.boot.actuate.logging.LogFileWebEndpoint; SearchStrategy: all) did not find any beans (OnBeanCondition)


Negative matches:
-----------------

    None


Exclusions:
-----------

    None


Unconditional classes:
----------------------

    None



2021-02-27 19:40:32.598  INFO 21260 --- [Thread-9] o.s.s.concurrent.ThreadPoolTaskExecutor  : Shutting down ExecutorService 'applicationTaskExecutor'
2021-02-27 19:40:32.609  INFO 21260 --- [Thread-9] j.LocalContainerEntityManagerFactoryBean : Closing JPA EntityManagerFactory for persistence unit 'default'
2021-02-27 19:40:32.611  INFO 21260 --- [Thread-9] com.zaxxer.hikari.HikariDataSource       : HikariPool-2 - Shutdown initiated...
2021-02-27 19:40:32.621  INFO 21260 --- [Thread-9] com.zaxxer.hikari.HikariDataSource       : HikariPool-2 - Shutdown completed.
